<?xml version="1.0" encoding="UTF-8"?>
<!-- Generated by org.testng.reporters.JUnitReportReporter -->
<testsuite skipped="0" hostname="HDC4-DX-8K9M6C2" name="com.com.TestNG.NewTest" tests="2" failures="0" timestamp="22 Jan 2019 09:33:34 GMT" time="24.211" errors="0">
  <testcase name="logintest" time="10.810" classname="com.com.TestNG.NewTest"/>
  <testcase name="logintest" time="13.401" classname="com.com.TestNG.NewTest"/>
</testsuite> <!-- com.com.TestNG.NewTest -->
